{"total": {"lines":{"total":303,"covered":303,"skipped":0,"pct":100},"statements":{"total":369,"covered":366,"skipped":0,"pct":99.18},"functions":{"total":74,"covered":74,"skipped":0,"pct":100},"branches":{"total":207,"covered":195,"skipped":0,"pct":94.2},"branchesTrue":{"total":0,"covered":0,"skipped":0,"pct":"Unknown"}}
,"/Users/quantsquirrel/sm-wt/t4-verify/src/domain/card.ts": {"lines":{"total":4,"covered":4,"skipped":0,"pct":100},"functions":{"total":1,"covered":1,"skipped":0,"pct":100},"statements":{"total":4,"covered":4,"skipped":0,"pct":100},"branches":{"total":0,"covered":0,"skipped":0,"pct":100}}
,"/Users/quantsquirrel/sm-wt/t4-verify/src/domain/firstLetter.ts": {"lines":{"total":2,"covered":2,"skipped":0,"pct":100},"functions":{"total":2,"covered":2,"skipped":0,"pct":100},"statements":{"total":2,"covered":2,"skipped":0,"pct":100},"branches":{"total":0,"covered":0,"skipped":0,"pct":100}}
,"/Users/quantsquirrel/sm-wt/t4-verify/src/domain/goal.ts": {"lines":{"total":48,"covered":48,"skipped":0,"pct":100},"functions":{"total":11,"covered":11,"skipped":0,"pct":100},"statements":{"total":55,"covered":55,"skipped":0,"pct":100},"branches":{"total":26,"covered":25,"skipped":0,"pct":96.15}}
,"/Users/quantsquirrel/sm-wt/t4-verify/src/domain/grading.ts": {"lines":{"total":55,"covered":55,"skipped":0,"pct":100},"functions":{"total":8,"covered":8,"skipped":0,"pct":100},"statements":{"total":63,"covered":63,"skipped":0,"pct":100},"branches":{"total":26,"covered":24,"skipped":0,"pct":92.3}}
,"/Users/quantsquirrel/sm-wt/t4-verify/src/domain/invariant.ts": {"lines":{"total":3,"covered":3,"skipped":0,"pct":100},"functions":{"total":1,"covered":1,"skipped":0,"pct":100},"statements":{"total":3,"covered":3,"skipped":0,"pct":100},"branches":{"total":5,"covered":5,"skipped":0,"pct":100}}
,"/Users/quantsquirrel/sm-wt/t4-verify/src/domain/ladder.ts": {"lines":{"total":17,"covered":17,"skipped":0,"pct":100},"functions":{"total":7,"covered":7,"skipped":0,"pct":100},"statements":{"total":21,"covered":21,"skipped":0,"pct":100},"branches":{"total":23,"covered":23,"skipped":0,"pct":100}}
,"/Users/quantsquirrel/sm-wt/t4-verify/src/domain/policy.ts": {"lines":{"total":24,"covered":24,"skipped":0,"pct":100},"functions":{"total":3,"covered":3,"skipped":0,"pct":100},"statements":{"total":31,"covered":31,"skipped":0,"pct":100},"branches":{"total":11,"covered":11,"skipped":0,"pct":100}}
,"/Users/quantsquirrel/sm-wt/t4-verify/src/domain/ref.ts": {"lines":{"total":30,"covered":30,"skipped":0,"pct":100},"functions":{"total":3,"covered":3,"skipped":0,"pct":100},"statements":{"total":40,"covered":37,"skipped":0,"pct":92.5},"branches":{"total":31,"covered":28,"skipped":0,"pct":90.32}}
,"/Users/quantsquirrel/sm-wt/t4-verify/src/domain/scheduler.ts": {"lines":{"total":37,"covered":37,"skipped":0,"pct":100},"functions":{"total":13,"covered":13,"skipped":0,"pct":100},"statements":{"total":43,"covered":43,"skipped":0,"pct":100},"branches":{"total":21,"covered":21,"skipped":0,"pct":100}}
,"/Users/quantsquirrel/sm-wt/t4-verify/src/domain/stats.ts": {"lines":{"total":83,"covered":83,"skipped":0,"pct":100},"functions":{"total":25,"covered":25,"skipped":0,"pct":100},"statements":{"total":107,"covered":107,"skipped":0,"pct":100},"branches":{"total":64,"covered":58,"skipped":0,"pct":90.62}}
}
